This is pdfTeX, Version 3.14159265-2.6-1.40.16 (TeX Live 2015) (preloaded format=pdflatex 2016.2.2)  23 JUL 2016 19:26
entering extended mode
 restricted \write18 enabled.
 %&-line parsing enabled.
**report.tex
(./report.tex
LaTeX2e <2015/01/01>
Babel <3.9l> and hyphenation patterns for 21 languages loaded.
(/usr/local/texlive/2015basic/texmf-dist/tex/latex/base/report.cls
Document Class: report 2014/09/29 v1.4h Standard LaTeX document class
(/usr/local/texlive/2015basic/texmf-dist/tex/latex/base/size10.clo
File: size10.clo 2014/09/29 v1.4h Standard LaTeX file (size option)
)
\c@part=\count79
\c@chapter=\count80
\c@section=\count81
\c@subsection=\count82
\c@subsubsection=\count83
\c@paragraph=\count84
\c@subparagraph=\count85
\c@figure=\count86
\c@table=\count87
\abovecaptionskip=\skip41
\belowcaptionskip=\skip42
\bibindent=\dimen102
)
(/usr/local/texlive/2015basic/texmf-dist/tex/latex/amsmath/amsmath.sty
Package: amsmath 2013/01/14 v2.14 AMS math features
\@mathmargin=\skip43

For additional information on amsmath, use the `?' option.
(/usr/local/texlive/2015basic/texmf-dist/tex/latex/amsmath/amstext.sty
Package: amstext 2000/06/29 v2.01

(/usr/local/texlive/2015basic/texmf-dist/tex/latex/amsmath/amsgen.sty
File: amsgen.sty 1999/11/30 v2.0
\@emptytoks=\toks14
\ex@=\dimen103
))
(/usr/local/texlive/2015basic/texmf-dist/tex/latex/amsmath/amsbsy.sty
Package: amsbsy 1999/11/29 v1.2d
\pmbraise@=\dimen104
)
(/usr/local/texlive/2015basic/texmf-dist/tex/latex/amsmath/amsopn.sty
Package: amsopn 1999/12/14 v2.01 operator names
)
\inf@bad=\count88
LaTeX Info: Redefining \frac on input line 210.
\uproot@=\count89
\leftroot@=\count90
LaTeX Info: Redefining \overline on input line 306.
\classnum@=\count91
\DOTSCASE@=\count92
LaTeX Info: Redefining \ldots on input line 378.
LaTeX Info: Redefining \dots on input line 381.
LaTeX Info: Redefining \cdots on input line 466.
\Mathstrutbox@=\box26
\strutbox@=\box27
\big@size=\dimen105
LaTeX Font Info:    Redeclaring font encoding OML on input line 566.
LaTeX Font Info:    Redeclaring font encoding OMS on input line 567.
\macc@depth=\count93
\c@MaxMatrixCols=\count94
\dotsspace@=\muskip10
\c@parentequation=\count95
\dspbrk@lvl=\count96
\tag@help=\toks15
\row@=\count97
\column@=\count98
\maxfields@=\count99
\andhelp@=\toks16
\eqnshift@=\dimen106
\alignsep@=\dimen107
\tagshift@=\dimen108
\tagwidth@=\dimen109
\totwidth@=\dimen110
\lineht@=\dimen111
\@envbody=\toks17
\multlinegap=\skip44
\multlinetaggap=\skip45
\mathdisplay@stack=\toks18
LaTeX Info: Redefining \[ on input line 2665.
LaTeX Info: Redefining \] on input line 2666.
)
(/usr/local/texlive/2015basic/texmf-dist/tex/latex/graphics/graphicx.sty
Package: graphicx 2014/10/28 v1.0g Enhanced LaTeX Graphics (DPC,SPQR)

(/usr/local/texlive/2015basic/texmf-dist/tex/latex/graphics/keyval.sty
Package: keyval 2014/10/28 v1.15 key=value parser (DPC)
\KV@toks@=\toks19
)
(/usr/local/texlive/2015basic/texmf-dist/tex/latex/graphics/graphics.sty
Package: graphics 2014/10/28 v1.0p Standard LaTeX Graphics (DPC,SPQR)

(/usr/local/texlive/2015basic/texmf-dist/tex/latex/graphics/trig.sty
Package: trig 1999/03/16 v1.09 sin cos tan (DPC)
)
(/usr/local/texlive/2015basic/texmf-dist/tex/latex/latexconfig/graphics.cfg
File: graphics.cfg 2010/04/23 v1.9 graphics configuration of TeX Live
)
Package graphics Info: Driver file: pdftex.def on input line 94.

(/usr/local/texlive/2015basic/texmf-dist/tex/latex/pdftex-def/pdftex.def
File: pdftex.def 2011/05/27 v0.06d Graphics/color for pdfTeX

(/usr/local/texlive/2015basic/texmf-dist/tex/generic/oberdiek/infwarerr.sty
Package: infwarerr 2010/04/08 v1.3 Providing info/warning/error messages (HO)
)
(/usr/local/texlive/2015basic/texmf-dist/tex/generic/oberdiek/ltxcmds.sty
Package: ltxcmds 2011/11/09 v1.22 LaTeX kernel commands for general use (HO)
)
\Gread@gobject=\count100
))
\Gin@req@height=\dimen112
\Gin@req@width=\dimen113
)
(/usr/local/texlive/2015basic/texmf-dist/tex/latex/graphics/color.sty
Package: color 2014/10/28 v1.1a Standard LaTeX Color (DPC)

(/usr/local/texlive/2015basic/texmf-dist/tex/latex/latexconfig/color.cfg
File: color.cfg 2007/01/18 v1.5 color configuration of teTeX/TeXLive
)
Package color Info: Driver file: pdftex.def on input line 142.
)
(/usr/local/texlive/2015basic/texmf-dist/tex/latex/geometry/geometry.sty
Package: geometry 2010/09/12 v5.6 Page Geometry

(/usr/local/texlive/2015basic/texmf-dist/tex/generic/oberdiek/ifpdf.sty
Package: ifpdf 2011/01/30 v2.3 Provides the ifpdf switch (HO)
Package ifpdf Info: pdfTeX in PDF mode is detected.
)
(/usr/local/texlive/2015basic/texmf-dist/tex/generic/oberdiek/ifvtex.sty
Package: ifvtex 2010/03/01 v1.5 Detect VTeX and its facilities (HO)
Package ifvtex Info: VTeX not detected.
)
(/usr/local/texlive/2015basic/texmf-dist/tex/generic/ifxetex/ifxetex.sty
Package: ifxetex 2010/09/12 v0.6 Provides ifxetex conditional
)
\Gm@cnth=\count101
\Gm@cntv=\count102
\c@Gm@tempcnt=\count103
\Gm@bindingoffset=\dimen114
\Gm@wd@mp=\dimen115
\Gm@odd@mp=\dimen116
\Gm@even@mp=\dimen117
\Gm@layoutwidth=\dimen118
\Gm@layoutheight=\dimen119
\Gm@layouthoffset=\dimen120
\Gm@layoutvoffset=\dimen121
\Gm@dimlist=\toks20
)
(/usr/local/texlive/2015basic/texmf-dist/tex/latex/caption/subcaption.sty
Package: subcaption 2013/02/03 v1.1-62 Sub-captions (AR)

(/usr/local/texlive/2015basic/texmf-dist/tex/latex/caption/caption.sty
Package: caption 2013/05/02 v3.3-89 Customizing captions (AR)

(/usr/local/texlive/2015basic/texmf-dist/tex/latex/caption/caption3.sty
Package: caption3 2013/05/02 v1.6-88 caption3 kernel (AR)
Package caption3 Info: TeX engine: e-TeX on input line 57.
\captionmargin=\dimen122
\captionmargin@=\dimen123
\captionwidth=\dimen124
\caption@tempdima=\dimen125
\caption@indent=\dimen126
\caption@parindent=\dimen127
\caption@hangindent=\dimen128
)
\c@ContinuedFloat=\count104
)
\c@subfigure=\count105
\c@subtable=\count106
)
(/usr/local/texlive/2015basic/texmf-dist/tex/latex/hyperref/hyperref.sty
Package: hyperref 2012/11/06 v6.83m Hypertext links for LaTeX

(/usr/local/texlive/2015basic/texmf-dist/tex/generic/oberdiek/hobsub-hyperref.s
ty
Package: hobsub-hyperref 2012/05/28 v1.13 Bundle oberdiek, subset hyperref (HO)


(/usr/local/texlive/2015basic/texmf-dist/tex/generic/oberdiek/hobsub-generic.st
y
Package: hobsub-generic 2012/05/28 v1.13 Bundle oberdiek, subset generic (HO)
Package: hobsub 2012/05/28 v1.13 Construct package bundles (HO)
Package hobsub Info: Skipping package `infwarerr' (already loaded).
Package hobsub Info: Skipping package `ltxcmds' (already loaded).
Package: ifluatex 2010/03/01 v1.3 Provides the ifluatex switch (HO)
Package ifluatex Info: LuaTeX not detected.
Package hobsub Info: Skipping package `ifvtex' (already loaded).
Package: intcalc 2007/09/27 v1.1 Expandable calculations with integers (HO)
Package hobsub Info: Skipping package `ifpdf' (already loaded).
Package: etexcmds 2011/02/16 v1.5 Avoid name clashes with e-TeX commands (HO)
Package etexcmds Info: Could not find \expanded.
(etexcmds)             That can mean that you are not using pdfTeX 1.50 or
(etexcmds)             that some package has redefined \expanded.
(etexcmds)             In the latter case, load this package earlier.
Package: kvsetkeys 2012/04/25 v1.16 Key value parser (HO)
Package: kvdefinekeys 2011/04/07 v1.3 Define keys (HO)
Package: pdftexcmds 2011/11/29 v0.20 Utility functions of pdfTeX for LuaTeX (HO
)
Package pdftexcmds Info: LuaTeX not detected.
Package pdftexcmds Info: \pdf@primitive is available.
Package pdftexcmds Info: \pdf@ifprimitive is available.
Package pdftexcmds Info: \pdfdraftmode found.
Package: pdfescape 2011/11/25 v1.13 Implements pdfTeX's escape features (HO)
Package: bigintcalc 2012/04/08 v1.3 Expandable calculations on big integers (HO
)
Package: bitset 2011/01/30 v1.1 Handle bit-vector datatype (HO)
Package: uniquecounter 2011/01/30 v1.2 Provide unlimited unique counter (HO)
)
Package hobsub Info: Skipping package `hobsub' (already loaded).
Package: letltxmacro 2010/09/02 v1.4 Let assignment for LaTeX macros (HO)
Package: hopatch 2012/05/28 v1.2 Wrapper for package hooks (HO)
Package: xcolor-patch 2011/01/30 xcolor patch
Package: atveryend 2011/06/30 v1.8 Hooks at the very end of document (HO)
Package atveryend Info: \enddocument detected (standard20110627).
Package: atbegshi 2011/10/05 v1.16 At begin shipout hook (HO)
Package: refcount 2011/10/16 v3.4 Data extraction from label references (HO)
Package: hycolor 2011/01/30 v1.7 Color options for hyperref/bookmark (HO)
) (/usr/local/texlive/2015basic/texmf-dist/tex/latex/oberdiek/auxhook.sty
Package: auxhook 2011/03/04 v1.3 Hooks for auxiliary files (HO)
)
(/usr/local/texlive/2015basic/texmf-dist/tex/latex/oberdiek/kvoptions.sty
Package: kvoptions 2011/06/30 v3.11 Key value format for package options (HO)
)
\@linkdim=\dimen129
\Hy@linkcounter=\count107
\Hy@pagecounter=\count108

(/usr/local/texlive/2015basic/texmf-dist/tex/latex/hyperref/pd1enc.def
File: pd1enc.def 2012/11/06 v6.83m Hyperref: PDFDocEncoding definition (HO)
)
\Hy@SavedSpaceFactor=\count109

(/usr/local/texlive/2015basic/texmf-dist/tex/latex/latexconfig/hyperref.cfg
File: hyperref.cfg 2002/06/06 v1.2 hyperref configuration of TeXLive
)
Package hyperref Info: Hyper figures OFF on input line 4443.
Package hyperref Info: Link nesting OFF on input line 4448.
Package hyperref Info: Hyper index ON on input line 4451.
Package hyperref Info: Plain pages OFF on input line 4458.
Package hyperref Info: Backreferencing OFF on input line 4463.
Package hyperref Info: Implicit mode ON; LaTeX internals redefined.
Package hyperref Info: Bookmarks ON on input line 4688.
\c@Hy@tempcnt=\count110

(/usr/local/texlive/2015basic/texmf-dist/tex/latex/url/url.sty
\Urlmuskip=\muskip11
Package: url 2013/09/16  ver 3.4  Verb mode for urls, etc.
)
LaTeX Info: Redefining \url on input line 5041.
\XeTeXLinkMargin=\dimen130
\Fld@menulength=\count111
\Field@Width=\dimen131
\Fld@charsize=\dimen132
Package hyperref Info: Hyper figures OFF on input line 6295.
Package hyperref Info: Link nesting OFF on input line 6300.
Package hyperref Info: Hyper index ON on input line 6303.
Package hyperref Info: backreferencing OFF on input line 6310.
Package hyperref Info: Link coloring OFF on input line 6315.
Package hyperref Info: Link coloring with OCG OFF on input line 6320.
Package hyperref Info: PDF/A mode OFF on input line 6325.
LaTeX Info: Redefining \ref on input line 6365.
LaTeX Info: Redefining \pageref on input line 6369.
\Hy@abspage=\count112
\c@Item=\count113
\c@Hfootnote=\count114
)

Package hyperref Message: Driver (autodetected): hpdftex.

(/usr/local/texlive/2015basic/texmf-dist/tex/latex/hyperref/hpdftex.def
File: hpdftex.def 2012/11/06 v6.83m Hyperref driver for pdfTeX
\Fld@listcount=\count115
\c@bookmark@seq@number=\count116

(/usr/local/texlive/2015basic/texmf-dist/tex/latex/oberdiek/rerunfilecheck.sty
Package: rerunfilecheck 2011/04/15 v1.7 Rerun checks for auxiliary files (HO)
Package uniquecounter Info: New unique counter `rerunfilecheck' on input line 2
82.
)
\Hy@SectionHShift=\skip46
) (/usr/local/texlive/2015basic/texmf-dist/tex/latex/amsfonts/amsfonts.sty
Package: amsfonts 2013/01/14 v3.01 Basic AMSFonts support
\symAMSa=\mathgroup4
\symAMSb=\mathgroup5
LaTeX Font Info:    Overwriting math alphabet `\mathfrak' in version `bold'
(Font)                  U/euf/m/n --> U/euf/b/n on input line 106.
)
\c@definition=\count117
\c@lemma=\count118
\c@proposition=\count119
\c@example=\count120
\c@theorem=\count121

(./report.aux

LaTeX Warning: Label `eq:15' multiply defined.


LaTeX Warning: Label `fig:5' multiply defined.

)
\openout1 = `report.aux'.

LaTeX Font Info:    Checking defaults for OML/cmm/m/it on input line 16.
LaTeX Font Info:    ... okay on input line 16.
LaTeX Font Info:    Checking defaults for T1/cmr/m/n on input line 16.
LaTeX Font Info:    ... okay on input line 16.
LaTeX Font Info:    Checking defaults for OT1/cmr/m/n on input line 16.
LaTeX Font Info:    ... okay on input line 16.
LaTeX Font Info:    Checking defaults for OMS/cmsy/m/n on input line 16.
LaTeX Font Info:    ... okay on input line 16.
LaTeX Font Info:    Checking defaults for OMX/cmex/m/n on input line 16.
LaTeX Font Info:    ... okay on input line 16.
LaTeX Font Info:    Checking defaults for U/cmr/m/n on input line 16.
LaTeX Font Info:    ... okay on input line 16.
LaTeX Font Info:    Checking defaults for PD1/pdf/m/n on input line 16.
LaTeX Font Info:    ... okay on input line 16.
 (/usr/local/texlive/2015basic/texmf-dist/tex/context/base/supp-pdf.mkii
[Loading MPS to PDF converter (version 2006.09.02).]
\scratchcounter=\count122
\scratchdimen=\dimen133
\scratchbox=\box28
\nofMPsegments=\count123
\nofMParguments=\count124
\everyMPshowfont=\toks21
\MPscratchCnt=\count125
\MPscratchDim=\dimen134
\MPnumerator=\count126
\makeMPintoPDFobject=\count127
\everyMPtoPDFconversion=\toks22
) (/usr/local/texlive/2015basic/texmf-dist/tex/latex/oberdiek/epstopdf-base.sty
Package: epstopdf-base 2010/02/09 v2.5 Base part for package epstopdf
(/usr/local/texlive/2015basic/texmf-dist/tex/latex/oberdiek/grfext.sty
Package: grfext 2010/08/19 v1.1 Manage graphics extensions (HO)
)
Package grfext Info: Graphics extension search list:
(grfext)             [.png,.pdf,.jpg,.mps,.jpeg,.jbig2,.jb2,.PNG,.PDF,.JPG,.JPE
G,.JBIG2,.JB2,.eps]
(grfext)             \AppendGraphicsExtensions on input line 452.

(/usr/local/texlive/2015basic/texmf-dist/tex/latex/latexconfig/epstopdf-sys.cfg
File: epstopdf-sys.cfg 2010/07/13 v1.3 Configuration of (r)epstopdf for TeX Liv
e
))
*geometry* driver: auto-detecting
*geometry* detected driver: pdftex
*geometry* verbose mode - [ preamble ] result:
* driver: pdftex
* paper: <default>
* layout: <same size as paper>
* layoutoffset:(h,v)=(0.0pt,0.0pt)
* modes: 
* h-part:(L,W,R)=(92.14519pt, 430.00462pt, 92.14519pt)
* v-part:(T,H,B)=(95.39737pt, 556.47656pt, 143.09605pt)
* \paperwidth=614.295pt
* \paperheight=794.96999pt
* \textwidth=430.00462pt
* \textheight=556.47656pt
* \oddsidemargin=19.8752pt
* \evensidemargin=19.8752pt
* \topmargin=-13.87262pt
* \headheight=12.0pt
* \headsep=25.0pt
* \topskip=10.0pt
* \footskip=30.0pt
* \marginparwidth=65.0pt
* \marginparsep=11.0pt
* \columnsep=10.0pt
* \skip\footins=9.0pt plus 4.0pt minus 2.0pt
* \hoffset=0.0pt
* \voffset=0.0pt
* \mag=1000
* \@twocolumnfalse
* \@twosidefalse
* \@mparswitchfalse
* \@reversemarginfalse
* (1in=72.27pt=25.4mm, 1cm=28.453pt)

Package caption Info: Begin \AtBeginDocument code.
Package caption Info: hyperref package is loaded.
Package caption Info: End \AtBeginDocument code.
\AtBeginShipoutBox=\box29
Package hyperref Info: Link coloring OFF on input line 16.
(/usr/local/texlive/2015basic/texmf-dist/tex/latex/hyperref/nameref.sty
Package: nameref 2012/10/27 v2.43 Cross-referencing by name of section

(/usr/local/texlive/2015basic/texmf-dist/tex/generic/oberdiek/gettitlestring.st
y
Package: gettitlestring 2010/12/03 v1.4 Cleanup title references (HO)
)
\c@section@level=\count128
)
LaTeX Info: Redefining \ref on input line 16.
LaTeX Info: Redefining \pageref on input line 16.
LaTeX Info: Redefining \nameref on input line 16.
 (./report.out) (./report.out)
\@outlinefile=\write3
\openout3 = `report.out'.


<Images/TIFR_logo.png, id=152, 153.57375pt x 85.31876pt>
File: Images/TIFR_logo.png Graphic file (type png)

<use Images/TIFR_logo.png>
Package pdftex.def Info: Images/TIFR_logo.png used on input line 41.
(pdftex.def)             Requested size: 153.57336pt x 85.31853pt.
 [1

{/usr/local/texlive/2015basic/texmf-var/fonts/map/pdftex/updmap/pdftex.map} <./
Images/TIFR_logo.png>]
Underfull \hbox (badness 10000) in paragraph at lines 49--50

 []


Underfull \hbox (badness 10000) in paragraph at lines 51--53

 []

pdfTeX warning (ext4): destination with the same identifier (name{page.1}) has 
been already used, duplicate ignored
<to be read again> 
                   \relax 
l.57 	\listoffigures
                     [1

] (./report.lof
LaTeX Font Info:    Try loading font information for U+msa on input line 2.

(/usr/local/texlive/2015basic/texmf-dist/tex/latex/amsfonts/umsa.fd
File: umsa.fd 2013/01/14 v3.01 AMS symbols A
)
LaTeX Font Info:    Try loading font information for U+msb on input line 2.

(/usr/local/texlive/2015basic/texmf-dist/tex/latex/amsfonts/umsb.fd
File: umsb.fd 2013/01/14 v3.01 AMS symbols B
))
\tf@lof=\write4
\openout4 = `report.lof'.

 [2

]
(./report.toc [3

])
\tf@toc=\write5
\openout5 = `report.toc'.

 [4]
Chapter 1.
(./chapters/intro.tex <images/flow.png, id=265, 977.6525pt x 335.2525pt>
File: images/flow.png Graphic file (type png)

<use images/flow.png>
Package pdftex.def Info: images/flow.png used on input line 8.
(pdftex.def)             Requested size: 441.01772pt x 151.23566pt.

Overfull \hbox (11.01309pt too wide) in paragraph at lines 8--9
 [][] 
 []


Underfull \hbox (badness 10000) in paragraph at lines 13--15

 []


Underfull \hbox (badness 10000) in paragraph at lines 16--18

 []

[5

 <./images/flow.png>]) [6]
Chapter 2.
(./chapters/mathbg.tex [7

]
Underfull \hbox (badness 10000) in paragraph at lines 42--43

 []


Underfull \hbox (badness 10000) in paragraph at lines 49--51

 []


Underfull \hbox (badness 10000) in paragraph at lines 52--54

 []

[8] [9pdfTeX warning (ext4): destination with the same identifier (name{equatio
n.2.3.11}) has been already used, duplicate ignored

\AtBegShi@Output ...ipout \box \AtBeginShipoutBox 
                                                  \fi \fi 
l.154 \begin{eqnarray}
                      pdfTeX warning (ext4): destination with the same identifi
er (name{equation.2.3.11}) has been already used, duplicate ignored

\AtBegShi@Output ...ipout \box \AtBeginShipoutBox 
                                                  \fi \fi 
l.154 \begin{eqnarray}
                      pdfTeX warning (ext4): destination with the same identifi
er (name{equation.2.3.13}) has been already used, duplicate ignored

\AtBegShi@Output ...ipout \box \AtBeginShipoutBox 
                                                  \fi \fi 
l.154 \begin{eqnarray}
                      ]pdfTeX warning (ext4): destination with the same identif
ier (name{equation.2.3.13}) has been already used, duplicate ignored
<to be read again> 
                   \relax 
l.154 \begin{eqnarray}
                      pdfTeX warning (ext4): destination with the same identifi
er (name{equation.2.3.13}) has been already used, duplicate ignored
<to be read again> 
                   \relax 
l.154 \begin{eqnarray}
                      pdfTeX warning (ext4): destination with the same identifi
er (name{equation.2.3.13}) has been already used, duplicate ignored
<to be read again> 
                   \relax 
l.154 \begin{eqnarray}
                      pdfTeX warning (ext4): destination with the same identifi
er (name{equation.2.3.13}) has been already used, duplicate ignored
<to be read again> 
                   \relax 
l.154 \begin{eqnarray}
                      
Underfull \hbox (badness 10000) in paragraph at lines 159--160

 []


Underfull \hbox (badness 10000) in paragraph at lines 161--163

 []

LaTeX Font Info:    Try loading font information for OMS+cmr on input line 173.

(/usr/local/texlive/2015basic/texmf-dist/tex/latex/base/omscmr.fd
File: omscmr.fd 2014/09/29 v2.5h Standard LaTeX font definitions
)
LaTeX Font Info:    Font shape `OMS/cmr/m/it' in size <10> not available
(Font)              Font shape `OMS/cmsy/m/n' tried instead on input line 173.
 [10]
Underfull \hbox (badness 10000) in paragraph at lines 212--214

 []


Underfull \hbox (badness 10000) in paragraph at lines 270--272

 []

[11] [12]
Underfull \hbox (badness 10000) in paragraph at lines 366--367

 []

[13]
Underfull \hbox (badness 10000) in paragraph at lines 383--384

 []

[14]
Underfull \hbox (badness 10000) in paragraph at lines 496--501

 []

[15pdfTeX warning (ext4): destination with the same identifier (name{equation.2
.6.49}) has been already used, duplicate ignored

\AtBegShi@Output ...ipout \box \AtBeginShipoutBox 
                                                  \fi \fi 
l.533 
      ]
Underfull \hbox (badness 10000) in paragraph at lines 550--557

 []

<Images/sol.png, id=415, 218.8175pt x 189.70876pt>
File: Images/sol.png Graphic file (type png)
 <use Images/sol.png>
Package pdftex.def Info: Images/sol.png used on input line 570.
(pdftex.def)             Requested size: 87.52544pt x 75.88214pt.

[16 <./Images/sol.png>]
Underfull \hbox (badness 10000) in paragraph at lines 610--613

 []


Underfull \hbox (badness 10000) in paragraph at lines 644--645

 []


Underfull \hbox (badness 10000) in paragraph at lines 654--656

 []

[17]
Overfull \hbox (0.40176pt too wide) in paragraph at lines 672--675
[]\OT1/cmr/m/it/10 Let $\OML/cmm/m/it/10 u; v$ \OT1/cmr/m/it/10 be two vis-cos-
ity so-lu-tions of the Eikonal type HJE, such that $\OML/cmm/m/it/10 u \OT1/cmr
/m/n/10 = \OML/cmm/m/it/10 v  []  @\OT1/cmr/m/n/10 
$\OT1/cmr/m/it/10 .
 []


Underfull \hbox (badness 10000) in paragraph at lines 678--680

 []

) [18]
Chapter 3.
(./chapters/osfs.tex
Underfull \hbox (badness 10000) in paragraph at lines 5--6

 []


Underfull \hbox (badness 10000) in paragraph at lines 7--8

 []

<Images/orthographic_model.png, id=458, 486.81876pt x 474.77374pt>
File: Images/orthographic_model.png Graphic file (type png)

<use Images/orthographic_model.png>
Package pdftex.def Info: Images/orthographic_model.png used on input line 11.
(pdftex.def)             Requested size: 146.04675pt x 142.43321pt.
 [19

 <./Images/orthographic_model.png>]
Underfull \hbox (badness 10000) in paragraph at lines 26--28

 []

[20]) [21]
Chapter 4.
(./chapters/persfs.tex <images/ovsp.png, id=485, 239.89626pt x 166.6225pt>
File: images/ovsp.png Graphic file (type png)

<use images/ovsp.png>
Package pdftex.def Info: images/ovsp.png used on input line 13.
(pdftex.def)             Requested size: 119.94783pt x 83.31104pt.
 [22

 <./images/ovsp.png>]
<images/persp2.png, id=495, 418.56375pt x 464.73625pt>
File: images/persp2.png Graphic file (type png)
 <use images/persp2.png>
Package pdftex.def Info: images/persp2.png used on input line 45.
(pdftex.def)             Requested size: 209.28136pt x 232.36755pt.

<images/persp1.png, id=496, 323.2075pt x 239.89626pt>
File: images/persp1.png Graphic file (type png)
 <use images/persp1.png>
Package pdftex.def Info: images/persp1.png used on input line 50.
(pdftex.def)             Requested size: 210.08238pt x 155.93071pt.

Overfull \hbox (2.2222pt too wide) in paragraph at lines 44--54
[]$[]$ $[]$ 
 []


Underfull \hbox (badness 10000) in paragraph at lines 69--77

 []

[23 <./images/persp2.png> <./images/persp1.png>] [24]
Overfull \hbox (0.69348pt too wide) in paragraph at lines 166--170
[]\OT1/cmr/m/it/10 (A3) \OT1/cmr/bx/it/10 Strict Sub-so-lu-tion \OT1/cmr/m/it/1
0 : There ex-ists a strict vis-cos-ity sub-so-lu-tion $[]$, such that $\OML/cmm
/m/it/10 H\OT1/cmr/m/n/10 (\OT1/cmr/bx/n/10 x\OML/cmm/m/it/10 ; []; \OT1/cmr/bx
/n/10 p\OT1/cmr/m/n/10 ) \OML/cmm/m/it/10 <
 []


Underfull \hbox (badness 10000) in paragraph at lines 194--204

 []

) [25]
Chapter 5.
(./chapters/num.tex
Underfull \hbox (badness 10000) in paragraph at lines 20--21

 []

[26

]
Underfull \hbox (badness 10000) in paragraph at lines 33--35

 []


Underfull \hbox (badness 10000) in paragraph at lines 39--40

 []


Underfull \hbox (badness 10000) in paragraph at lines 49--50

 []


Underfull \hbox (badness 10000) in paragraph at lines 59--61

 []

[27]
Underfull \hbox (badness 10000) in paragraph at lines 131--133

 []

[28]
Underfull \hbox (badness 10000) in paragraph at lines 163--164

 []

[29]
Underfull \hbox (badness 10000) in paragraph at lines 205--207

 []


Underfull \hbox (badness 10000) in paragraph at lines 212--213

 []

) [30]
Chapter 6.
(./chapters/exp.tex
LaTeX Font Info:    Font shape `OMS/cmr/m/n' in size <10> not available
(Font)              Font shape `OMS/cmsy/m/n' tried instead on input line 4.
 <Images/1deik/21.jpg, id=630, 513.92pt x 385.44pt>
File: Images/1deik/21.jpg Graphic file (type jpg)

<use Images/1deik/21.jpg>
Package pdftex.def Info: Images/1deik/21.jpg used on input line 23.
(pdftex.def)             Requested size: 256.95937pt x 192.71953pt.
 <Images/1deik/3.jpg, id=634, 513.92pt x 385.44pt>
File: Images/1deik/3.jpg Graphic file (type jpg)

<use Images/1deik/3.jpg>
Package pdftex.def Info: Images/1deik/3.jpg used on input line 32.
(pdftex.def)             Requested size: 205.56435pt x 154.17326pt.
 <Images/1deik/5.jpg, id=635, 513.92pt x 385.44pt>
File: Images/1deik/5.jpg Graphic file (type jpg)

<use Images/1deik/5.jpg>
Package pdftex.def Info: Images/1deik/5.jpg used on input line 36.
(pdftex.def)             Requested size: 205.56435pt x 154.17326pt.
 <Images/1deik/7.jpg, id=636, 513.92pt x 385.44pt>
File: Images/1deik/7.jpg Graphic file (type jpg)

<use Images/1deik/7.jpg>
Package pdftex.def Info: Images/1deik/7.jpg used on input line 40.
(pdftex.def)             Requested size: 205.56435pt x 154.17326pt.
File: Images/1deik/21.jpg Graphic file (type jpg)
 <use Images/1deik/21.jpg>
Package pdftex.def Info: Images/1deik/21.jpg used on input line 44.
(pdftex.def)             Requested size: 205.56435pt x 154.17326pt.

Overfull \hbox (2.2222pt too wide) in paragraph at lines 31--47
[]$[]$ $[]$
 []


Overfull \hbox (2.2222pt too wide) in paragraph at lines 31--47
[]$ $[]$ 
 []


LaTeX Warning: `!h' float specifier changed to `!ht'.

[31

] <Images/2D_eik_square.jpg, id=643, 513.92pt x 385.44pt>
File: Images/2D_eik_square.jpg Graphic file (type jpg)

<use Images/2D_eik_square.jpg>
Package pdftex.def Info: Images/2D_eik_square.jpg used on input line 63.
(pdftex.def)             Requested size: 256.95937pt x 192.71953pt.


LaTeX Warning: `!h' float specifier changed to `!ht'.


Underfull \hbox (badness 10000) in paragraph at lines 69--70

 []


Underfull \hbox (badness 10000) in paragraph at lines 71--73

 []

<Images/circle-immerse.png, id=647, 658.46pt x 637.38126pt>
File: Images/circle-immerse.png Graphic file (type png)

<use Images/circle-immerse.png>
Package pdftex.def Info: Images/circle-immerse.png used on input line 76.
(pdftex.def)             Requested size: 329.2292pt x 318.68985pt.


LaTeX Warning: `!h' float specifier changed to `!ht'.

[32 <./Images/1deik/21.jpg>]
Underfull \hbox (badness 10000) in paragraph at lines 92--94

 []


Underfull \hbox (badness 10000) in paragraph at lines 95--97

 []


Underfull \hbox (badness 10000) in paragraph at lines 98--100

 []

[33 <./Images/1deik/3.jpg> <./Images/1deik/5.jpg> <./Images/1deik/7.jpg>]
Underfull \hbox (badness 10000) in paragraph at lines 111--112

 []

<Images/inout.png, id=665, 557.08125pt x 249.93375pt>
File: Images/inout.png Graphic file (type png)
 <use Images/inout.png>
Package pdftex.def Info: Images/inout.png used on input line 117.
(pdftex.def)             Requested size: 278.53995pt x 124.96657pt.

<Images/2D_eik_circle.jpg, id=666, 513.92pt x 385.44pt>
File: Images/2D_eik_circle.jpg Graphic file (type jpg)

<use Images/2D_eik_circle.jpg>
Package pdftex.def Info: Images/2D_eik_circle.jpg used on input line 125.
(pdftex.def)             Requested size: 256.95937pt x 192.71953pt.

Underfull \hbox (badness 10000) in paragraph at lines 113--129

 []


LaTeX Warning: `!h' float specifier changed to `!ht'.

[34 <./Images/2D_eik_square.jpg>]

LaTeX Warning: `!h' float specifier changed to `!ht'.

[35 <./Images/circle-immerse.png> <./Images/inout.png>]
Underfull \hbox (badness 10000) in paragraph at lines 130--132

 []


Underfull \hbox (badness 10000) in paragraph at lines 154--156

 []

<Images/2D_eik_Ldomain.jpg, id=678, 513.92pt x 385.44pt>
File: Images/2D_eik_Ldomain.jpg Graphic file (type jpg)

<use Images/2D_eik_Ldomain.jpg>
Package pdftex.def Info: Images/2D_eik_Ldomain.jpg used on input line 160.
(pdftex.def)             Requested size: 231.26186pt x 173.4464pt.

Overfull \hbox (16.25955pt too wide) in paragraph at lines 160--161
 [][] 
 []

<Images/2D_eik_hole.jpg, id=679, 513.92pt x 385.44pt>
File: Images/2D_eik_hole.jpg Graphic file (type jpg)

<use Images/2D_eik_hole.jpg>
Package pdftex.def Info: Images/2D_eik_hole.jpg used on input line 166.
(pdftex.def)             Requested size: 231.26186pt x 173.4464pt.

Overfull \hbox (16.25955pt too wide) in paragraph at lines 166--167
 [][] 
 []


Overfull \hbox (2.2222pt too wide) in paragraph at lines 158--170
[]$[]$ $[]$ 
 []


LaTeX Warning: `!h' float specifier changed to `!ht'.

[36 <./Images/2D_eik_circle.jpg>]
<Images/vase.png, id=689, 90.3375pt x 87.32625pt>
File: Images/vase.png Graphic file (type png)
 <use Images/vase.png>
Package pdftex.def Info: Images/vase.png used on input line 184.
(pdftex.def)             Requested size: 135.50589pt x 130.98904pt.

<Images/vase.jpg, id=691, 2569.6pt x 1503.6175pt>
File: Images/vase.jpg Graphic file (type jpg)
 <use Images/vase.jpg>
Package pdftex.def Info: Images/vase.jpg used on input line 193.
(pdftex.def)             Requested size: 385.42337pt x 225.53288pt.


LaTeX Warning: `!h' float specifier changed to `!ht'.

[37 <./Images/2D_eik_Ldomain.jpg> <./Images/2D_eik_hole.jpg> <./Images/vase.png
>] <Images/moz.png, id=701, 155.58125pt x 155.58125pt>
File: Images/moz.png Graphic file (type png)
 <use Images/moz.png>
Package pdftex.def Info: Images/moz.png used on input line 222.
(pdftex.def)             Requested size: 132.24467pt x 132.24467pt.

<Images/moz.jpg, id=702, 1124.2pt x 843.15pt>
File: Images/moz.jpg Graphic file (type jpg)
 <use Images/moz.jpg>
Package pdftex.def Info: Images/moz.jpg used on input line 227.
(pdftex.def)             Requested size: 269.8135pt x 202.36012pt.

Overfull \hbox (54.8112pt too wide) in paragraph at lines 227--228
 [][] 
 []

<Images/thing4.png, id=703, 296.10625pt x 296.10625pt>
File: Images/thing4.png Graphic file (type png)
 <use Images/thing4.png>
Package pdftex.def Info: Images/thing4.png used on input line 232.
(pdftex.def)             Requested size: 148.05275pt x 148.05275pt.

<Images/thing4.jpg, id=704, 1124.2pt x 843.15pt>
File: Images/thing4.jpg Graphic file (type jpg)
 <use Images/thing4.jpg>
Package pdftex.def Info: Images/thing4.jpg used on input line 237.
(pdftex.def)             Requested size: 269.8135pt x 202.36012pt.

Overfull \hbox (54.8112pt too wide) in paragraph at lines 237--238
 [][] 
 []


Overfull \hbox (2.2222pt too wide) in paragraph at lines 220--240
[]$[]$ $[]$
 []


Overfull \hbox (2.2222pt too wide) in paragraph at lines 220--240
[]$ $[]$ 
 []

<Images/moz/moz_100.jpg, id=708, 513.92pt x 385.44pt>
File: Images/moz/moz_100.jpg Graphic file (type jpg)

<use Images/moz/moz_100.jpg>
Package pdftex.def Info: Images/moz/moz_100.jpg used on input line 250.
(pdftex.def)             Requested size: 205.56435pt x 154.17326pt.

<Images/moz/moz_300.jpg, id=709, 513.92pt x 385.44pt>
File: Images/moz/moz_300.jpg Graphic file (type jpg)

<use Images/moz/moz_300.jpg>
Package pdftex.def Info: Images/moz/moz_300.jpg used on input line 255.
(pdftex.def)             Requested size: 205.56435pt x 154.17326pt.

<Images/moz/moz_500.jpg, id=710, 513.92pt x 385.44pt>
File: Images/moz/moz_500.jpg Graphic file (type jpg)

<use Images/moz/moz_500.jpg>
Package pdftex.def Info: Images/moz/moz_500.jpg used on input line 260.
(pdftex.def)             Requested size: 205.56435pt x 154.17326pt.

<Images/moz/moz_1000.jpg, id=711, 513.92pt x 385.44pt>
File: Images/moz/moz_1000.jpg Graphic file (type jpg)

<use Images/moz/moz_1000.jpg>
Package pdftex.def Info: Images/moz/moz_1000.jpg used on input line 265.
(pdftex.def)             Requested size: 205.56435pt x 154.17326pt.

<Images/moz/moz_2000.jpg, id=712, 513.92pt x 385.44pt>
File: Images/moz/moz_2000.jpg Graphic file (type jpg)

<use Images/moz/moz_2000.jpg>
Package pdftex.def Info: Images/moz/moz_2000.jpg used on input line 270.
(pdftex.def)             Requested size: 205.56435pt x 154.17326pt.

<Images/moz/moz_5000.jpg, id=713, 513.92pt x 385.44pt>
File: Images/moz/moz_5000.jpg Graphic file (type jpg)

<use Images/moz/moz_5000.jpg>
Package pdftex.def Info: Images/moz/moz_5000.jpg used on input line 275.
(pdftex.def)             Requested size: 205.56435pt x 154.17326pt.

Overfull \hbox (2.2222pt too wide) in paragraph at lines 248--278
[]$[]$ $[]$
 []


Overfull \hbox (2.2222pt too wide) in paragraph at lines 248--278
[]$ $[]$
 []


Overfull \hbox (2.2222pt too wide) in paragraph at lines 248--278
[]$ $[]$ 
 []

<Images/realface/gleb_closed.png, id=714, 312.16624pt x 438.63875pt>
File: Images/realface/gleb_closed.png Graphic file (type png)

<use Images/realface/gleb_closed.png>
Package pdftex.def Info: Images/realface/gleb_closed.png used on input line 288
.
(pdftex.def)             Requested size: 109.25981pt x 153.52585pt.

<Images/realface/gleb_closed.jpg, id=715, 1027.84pt x 770.88pt>
File: Images/realface/gleb_closed.jpg Graphic file (type jpg)

<use Images/realface/gleb_closed.jpg>
Package pdftex.def Info: Images/realface/gleb_closed.jpg used on input line 293
.
(pdftex.def)             Requested size: 205.56436pt x 154.17326pt.

<Images/realface/gleb_side.png, id=716, 118.4425pt x 156.585pt>
File: Images/realface/gleb_side.png Graphic file (type png)

<use Images/realface/gleb_side.png>
Package pdftex.def Info: Images/realface/gleb_side.png used on input line 298.
(pdftex.def)             Requested size: 106.834pt x 141.23819pt.

<Images/realface/gleb_side.jpg, id=717, 1124.2pt x 843.15pt>
File: Images/realface/gleb_side.jpg Graphic file (type jpg)

<use Images/realface/gleb_side.jpg>
Package pdftex.def Info: Images/realface/gleb_side.jpg used on input line 303.
(pdftex.def)             Requested size: 224.83601pt x 168.627pt.

Overfull \hbox (9.83371pt too wide) in paragraph at lines 303--304
 [][] 
 []

<Images/realface/gleb_oblique.png, id=718, 119.44624pt x 157.58875pt>
File: Images/realface/gleb_oblique.png Graphic file (type png)

<use Images/realface/gleb_oblique.png>
Package pdftex.def Info: Images/realface/gleb_oblique.png used on input line 30
8.
(pdftex.def)             Requested size: 107.73936pt x 142.14355pt.

<Images/realface/gleb_oblique.jpg, id=719, 1124.2pt x 843.15pt>
File: Images/realface/gleb_oblique.jpg Graphic file (type jpg)

<use Images/realface/gleb_oblique.jpg>
Package pdftex.def Info: Images/realface/gleb_oblique.jpg used on input line 31
3.
(pdftex.def)             Requested size: 224.83601pt x 168.627pt.

Overfull \hbox (9.83371pt too wide) in paragraph at lines 313--314
 [][] 
 []


Overfull \hbox (2.2222pt too wide) in paragraph at lines 286--316
[]$[]$ $[]$
 []


Overfull \hbox (2.2222pt too wide) in paragraph at lines 286--316
[]$ $[]$
 []


Overfull \hbox (2.2222pt too wide) in paragraph at lines 286--316
[]$ $[]$ 
 []


LaTeX Warning: Float too large for page by 9.9507pt on input line 318.

) [38 <./Images/vase.jpg>] [39 <./Images/moz.png> <./Images/moz.jpg> <./Images/
thing4.png> <./Images/thing4.jpg>] [40 <./Images/moz/moz_100.jpg> <./Images/moz
/moz_300.jpg> <./Images/moz/moz_500.jpg> <./Images/moz/moz_1000.jpg> <./Images/
moz/moz_2000.jpg> <./Images/moz/moz_5000.jpg>] [41 <./Images/realface/gleb_clos
ed.png> <./Images/realface/gleb_closed.jpg> <./Images/realface/gleb_side.png> <
./Images/realface/gleb_side.jpg> <./Images/realface/gleb_oblique.png> <./Images
/realface/gleb_oblique.jpg>]
Chapter 7.

Underfull \hbox (badness 10000) in paragraph at lines 78--79

 []


Underfull \hbox (badness 10000) in paragraph at lines 80--82

 []


Underfull \hbox (badness 10000) in paragraph at lines 83--85

 []


Underfull \hbox (badness 10000) in paragraph at lines 86--89

 []

(./report.bbl [42

]
Missing character: There is no Â in font cmcsc10!
Missing character: There is no ´ in font cmcsc10!
Missing character: There is no â in font cmr10!
Missing character: There is no € in font cmr10!
Missing character: There is no “ in font cmr10!
 [43

])
Package atveryend Info: Empty hook `BeforeClearDocument' on input line 99.
 [44]
Package atveryend Info: Empty hook `AfterLastShipout' on input line 99.
 (./report.aux)
Package atveryend Info: Executing hook `AtVeryEndDocument' on input line 99.
Package atveryend Info: Executing hook `AtEndAfterFileList' on input line 99.
Package rerunfilecheck Info: File `report.out' has not changed.
(rerunfilecheck)             Checksum: 107C012AAF40182B7DF1B74F10DA8119;2671.


LaTeX Warning: There were multiply-defined labels.

Package atveryend Info: Empty hook `AtVeryVeryEnd' on input line 99.
 ) 
Here is how much of TeX's memory you used:
 7926 strings out of 494501
 120159 string characters out of 6167031
 213999 words of memory out of 5000000
 10802 multiletter control sequences out of 15000+600000
 15067 words of font info for 55 fonts, out of 8000000 for 9000
 319 hyphenation exceptions out of 8191
 42i,13n,40p,960b,517s stack positions out of 5000i,500n,10000p,200000b,80000s
</usr/local/texlive/2015basic/texmf-dist/fonts/type1/public/amsfonts/cm/cmbx1
0.pfb></usr/local/texlive/2015basic/texmf-dist/fonts/type1/public/amsfonts/cm/c
mbx12.pfb></usr/local/texlive/2015basic/texmf-dist/fonts/type1/public/amsfonts/
cm/cmbx7.pfb></usr/local/texlive/2015basic/texmf-dist/fonts/type1/public/amsfon
ts/cm/cmbxti10.pfb></usr/local/texlive/2015basic/texmf-dist/fonts/type1/public/
amsfonts/cm/cmcsc10.pfb></usr/local/texlive/2015basic/texmf-dist/fonts/type1/pu
blic/amsfonts/cm/cmex10.pfb></usr/local/texlive/2015basic/texmf-dist/fonts/type
1/public/amsfonts/cm/cmmi10.pfb></usr/local/texlive/2015basic/texmf-dist/fonts/
type1/public/amsfonts/cm/cmmi5.pfb></usr/local/texlive/2015basic/texmf-dist/fon
ts/type1/public/amsfonts/cm/cmmi7.pfb></usr/local/texlive/2015basic/texmf-dist/
fonts/type1/public/amsfonts/cm/cmmi9.pfb></usr/local/texlive/2015basic/texmf-di
st/fonts/type1/public/amsfonts/cm/cmr10.pfb></usr/local/texlive/2015basic/texmf
-dist/fonts/type1/public/amsfonts/cm/cmr12.pfb></usr/local/texlive/2015basic/te
xmf-dist/fonts/type1/public/amsfonts/cm/cmr17.pfb></usr/local/texlive/2015basic
/texmf-dist/fonts/type1/public/amsfonts/cm/cmr5.pfb></usr/local/texlive/2015bas
ic/texmf-dist/fonts/type1/public/amsfonts/cm/cmr6.pfb></usr/local/texlive/2015b
asic/texmf-dist/fonts/type1/public/amsfonts/cm/cmr7.pfb></usr/local/texlive/201
5basic/texmf-dist/fonts/type1/public/amsfonts/cm/cmr9.pfb></usr/local/texlive/2
015basic/texmf-dist/fonts/type1/public/amsfonts/cm/cmsy10.pfb></usr/local/texli
ve/2015basic/texmf-dist/fonts/type1/public/amsfonts/cm/cmsy5.pfb></usr/local/te
xlive/2015basic/texmf-dist/fonts/type1/public/amsfonts/cm/cmsy6.pfb></usr/local
/texlive/2015basic/texmf-dist/fonts/type1/public/amsfonts/cm/cmsy7.pfb></usr/lo
cal/texlive/2015basic/texmf-dist/fonts/type1/public/amsfonts/cm/cmti10.pfb></us
r/local/texlive/2015basic/texmf-dist/fonts/type1/public/amsfonts/cm/cmti12.pfb>
</usr/local/texlive/2015basic/texmf-dist/fonts/type1/public/amsfonts/symbols/ms
bm10.pfb></usr/local/texlive/2015basic/texmf-dist/fonts/type1/public/amsfonts/s
ymbols/msbm7.pfb>
Output written on report.pdf (45 pages, 2111125 bytes).
PDF statistics:
 899 PDF objects out of 1000 (max. 8388607)
 768 compressed objects within 8 object streams
 263 named destinations out of 1000 (max. 500000)
 472 words of extra memory for PDF output out of 10000 (max. 10000000)

