\BOOKMARK [0][-]{chapter.1}{Introduction}{}% 1
\BOOKMARK [0][-]{chapter.2}{Viscosity Solutions to Hamilton Jacobi Equations}{}% 2
\BOOKMARK [1][-]{section.2.1}{Hamilton Jacobi Equations}{chapter.2}% 3
\BOOKMARK [1][-]{section.2.2}{Well Posedness}{chapter.2}% 4
\BOOKMARK [1][-]{section.2.3}{Viscosity Solutions}{chapter.2}% 5
\BOOKMARK [2][-]{subsection.2.3.1}{Need for Viscosity Solutions}{section.2.3}% 6
\BOOKMARK [2][-]{subsection.2.3.2}{Viscosity Solutions}{section.2.3}% 7
\BOOKMARK [1][-]{section.2.4}{Legendre Transform}{chapter.2}% 8
\BOOKMARK [2][-]{subsection.2.4.1}{Classical Definition}{section.2.4}% 9
\BOOKMARK [2][-]{subsection.2.4.2}{Generalized Legendre Transform}{section.2.4}% 10
\BOOKMARK [1][-]{section.2.5}{Coercivity and Legendre Transform}{chapter.2}% 11
\BOOKMARK [1][-]{section.2.6}{Compatibility Condition}{chapter.2}% 12
\BOOKMARK [2][-]{subsection.2.6.1}{Viscosity Subsolution Criterion}{section.2.6}% 13
\BOOKMARK [2][-]{subsection.2.6.2}{Compatibility condition using Legendre Transform}{section.2.6}% 14
\BOOKMARK [1][-]{section.2.7}{Comparison Theorem}{chapter.2}% 15
\BOOKMARK [2][-]{subsection.2.7.1}{Classical Comparison Theorem}{section.2.7}% 16
\BOOKMARK [2][-]{subsection.2.7.2}{Comparison Theorem}{section.2.7}% 17
\BOOKMARK [0][-]{chapter.3}{Orthographic Shape from Shading}{}% 18
\BOOKMARK [1][-]{section.3.1}{Mathematical formulation of the Model}{chapter.3}% 19
\BOOKMARK [1][-]{section.3.2}{Problem of Uniqueness}{chapter.3}% 20
\BOOKMARK [0][-]{chapter.4}{Perspective Shape from Shading}{}% 21
\BOOKMARK [1][-]{section.4.1}{Mathematical Model}{chapter.4}% 22
\BOOKMARK [1][-]{section.4.2}{Existence and Uniqueness}{chapter.4}% 23
\BOOKMARK [0][-]{chapter.5}{Numerical Schemes}{}% 24
\BOOKMARK [1][-]{section.5.1}{Hyperbolic Conservation Laws}{chapter.5}% 25
\BOOKMARK [1][-]{section.5.2}{Numerical Schemes for Hyperbolic Conservation Laws}{chapter.5}% 26
\BOOKMARK [2][-]{subsection.5.2.1}{The Godunov Scheme}{section.5.2}% 27
\BOOKMARK [2][-]{subsection.5.2.2}{Lax-Friedrich Scheme}{section.5.2}% 28
\BOOKMARK [1][-]{section.5.3}{Godunov Scheme for the Eikonal Equation}{chapter.5}% 29
\BOOKMARK [0][-]{chapter.6}{Numerical Experiments}{}% 30
\BOOKMARK [1][-]{section.6.1}{1D Eikonal Equation}{chapter.6}% 31
\BOOKMARK [1][-]{section.6.2}{2D Eikonal Equation}{chapter.6}% 32
\BOOKMARK [1][-]{section.6.3}{Immersed Boundary Method for 2D Eikonal Equations}{chapter.6}% 33
\BOOKMARK [2][-]{subsection.6.3.1}{Results}{section.6.3}% 34
\BOOKMARK [1][-]{section.6.4}{Orthographic Projection}{chapter.6}% 35
\BOOKMARK [1][-]{section.6.5}{Perspective Projection Model}{chapter.6}% 36
\BOOKMARK [0][-]{chapter.7}{Conclusion}{}% 37
